<?xml version="1.0" encoding="UTF-8" ?>
<testsuite errors="0" failures="0" hostname="P1268606A" name="junit.tutorial.CalculatorParameterizedTest" tests="5" time="0.288" timestamp="2012-06-28T07:59:05">
  <properties>
    <property name="java.vendor" value="Sun Microsystems Inc." />
    <property name="ant.file.junit_tutorial" value="E:\dev\git\junit_tutorial\build.xml" />
    <property name="sun.java.launcher" value="SUN_STANDARD" />
    <property name="eclipse.pdebuild.templates" value="/E:/pleiades/eclipse/plugins/org.eclipse.pde.build_3.7.0.v20111116-2009/templates/" />
    <property name="env.TVT" value="C:\Program Files\Lenovo" />
    <property name="sun.management.compiler" value="HotSpot Client Compiler" />
    <property name="env.PROMPT" value="$P$G" />
    <property name="os.name" value="Windows 7" />
    <property name="env.PYTHONPATH" value="C:\TracLight\python\DLLs\;C:\TracLight\python\Lib;C:\TracLight\python\Lib\plat-win;C:\TracLight\python\Lib\lib-tk;C:\TracLight\Lib\site-packages" />
    <property name="env.FP_NO_HOST_CHECK" value="NO" />
    <property name="sun.boot.class.path" value="E:\pleiades\java\6\lib\resources.jar;E:\pleiades\java\6\lib\rt.jar;E:\pleiades\java\6\lib\sunrsasign.jar;E:\pleiades\java\6\lib\jsse.jar;E:\pleiades\java\6\lib\jce.jar;E:\pleiades\java\6\lib\charsets.jar;E:\pleiades\java\6\lib\modules\jdk.boot.jar;E:\pleiades\java\6\classes" />
    <property name="env.COMPUTERNAME" value="P1268606A" />
    <property name="env.ALLUSERSPROFILE" value="C:\ProgramData" />
    <property name="sun.desktop" value="windows" />
    <property name="env.LANG" value="ja" />
    <property name="java.vm.specification.vendor" value="Sun Microsystems Inc." />
    <property name="ant.home" value="E:\pleiades\eclipse\plugins\org.apache.ant_1.8.2.v20120109-1030" />
    <property name="java.runtime.version" value="1.6.0_31-b05" />
    <property name="env.HOMEPATH" value="\Users\P1268606" />
    <property name="env.TFS_DIR" value="C:\Program Files\ThinkVantage Fingerprint Software\" />
    <property name="ant.file.type.junit_tutorial" value="file" />
    <property name="user.name" value="P1268606" />
    <property name="env.SWSHARE" value="C:\SWSHARE" />
    <property name="env.OPENSSL_CONF" value="C:\TracLight\CollabNetSVN\httpd\conf\openssl.cnf" />
    <property name="user.language" value="ja" />
    <property name="env.windows_tracing_flags" value="3" />
    <property name="sun.boot.library.path" value="E:\pleiades\java\6\bin" />
    <property name="env.MYSQL_HOME" value="C:\Program Files\MySQL\MySQL Server 5.1" />
    <property name="ant.project.default-target" value="CalculatorParameterizedTest" />
    <property name="ant.project.name" value="junit_tutorial" />
    <property name="java.version" value="1.6.0_31" />
    <property name="env.PROCESSOR_IDENTIFIER" value="x86 Family 6 Model 42 Stepping 7, GenuineIntel" />
    <property name="user.timezone" value="" />
    <property name="env.TSMPATH" value="C:\Program Files\ThinkPad\UltraNav Utility" />
    <property name="env.TEMP" value="C:\Users\P1268606\AppData\Local\Temp" />
    <property name="sun.arch.data.model" value="32" />
    <property name="env.APR_ICONV_PATH" value="C:\TracLight\CollabNetSVN\httpd\bin\iconv" />
    <property name="java.endorsed.dirs" value="E:\pleiades\java\6\lib\endorsed" />
    <property name="sun.cpu.isalist" value="pentium_pro+mmx pentium_pro pentium+mmx pentium i486 i386 i86" />
    <property name="env.HOMEDRIVE" value="C:" />
    <property name="sun.jnu.encoding" value="MS932" />
    <property name="file.encoding.pkg" value="sun.io" />
    <property name="ECLIPSE_HOME" value="../../../pleiades/eclipse" />
    <property name="file.separator" value="\" />
    <property name="java.specification.name" value="Java Platform API Specification" />
    <property name="java.class.version" value="50.0" />
    <property name="user.country" value="JP" />
    <property name="env.GRADLE_HOME" value="E:\dev\tools\other\gradle-1.0-milestone-3" />
    <property name="java.home" value="E:\pleiades\java\6" />
    <property name="env.PSModulePath" value="C:\Windows\system32\WindowsPowerShell\v1.0\Modules\" />
    <property name="env.APPDATA" value="C:\Users\P1268606\AppData\Roaming" />
    <property name="env.PUBLIC" value="C:\Users\Public" />
    <property name="env.windows_tracing_logfile" value="C:\BVTBin\Tests\installpackage\csilogfile.log" />
    <property name="java.vm.info" value="mixed mode" />
    <property name="env.ComSpec" value="C:\Windows\system32\cmd.exe" />
    <property name="env.OS" value="Windows_NT" />
    <property name="env.CommonProgramFiles" value="C:\Program Files\Common Files" />
    <property name="ant.file" value="E:\dev\git\junit_tutorial\build.xml" />
    <property name="os.version" value="6.1" />
    <property name="env.GIT_HOME" value="C:\Program Files\Git" />
    <property name="env.configsetroot" value="C:\Windows\ConfigSetRoot" />
    <property name="path.separator" value=";" />
    <property name="java.vm.version" value="20.6-b01" />
    <property name="env.TVTCOMMON" value="C:\Program Files\Common Files\Lenovo" />
    <property name="env.USERPROFILE" value="C:\Users\P1268606" />
    <property name="user.variant" value="" />
    <property name="ant.library.dir" value="E:\pleiades\eclipse\plugins\org.apache.ant_1.8.2.v20120109-1030\lib" />
    <property name="junit.output.dir" value="junit" />
    <property name="env.TRPATH" value="C:\Program Files\Lenovo\Screen Reading Optimizer\" />
    <property name="env.AWS_EC2_HOME" value="E:\amazon\ec2-api-tools-1.5.5.0" />
    <property name="env.JAVA_HOME" value="E:\dev\tools\java\jdk1.6.0_32" />
    <property name="java.awt.printerjob" value="sun.awt.windows.WPrinterJob" />
    <property name="env.TMP" value="C:\Users\P1268606\AppData\Local\Temp" />
    <property name="sun.io.unicode.encoding" value="UnicodeLittle" />
    <property name="awt.toolkit" value="sun.awt.windows.WToolkit" />
    <property name="eclipse.pdebuild.scripts" value="/E:/pleiades/eclipse/plugins/org.eclipse.pde.build_3.7.0.v20111116-2009/scripts/" />
    <property name="env.AWS_RDS_HOME" value="E:\amazon\RDSCli-1.8.002" />
    <property name="env.PYTHONHOME" value="C:\TracLight\python" />
    <property name="target" value="1.6" />
    <property name="user.home" value="C:\Users\P1268606" />
    <property name="env.ProgramData" value="C:\ProgramData" />
    <property name="env.SESSIONNAME" value="Console" />
    <property name="java.specification.vendor" value="Sun Microsystems Inc." />
    <property name="env.M2_HOME" value="E:\dev\tools\apache\apache-maven-3.0.3" />
    <property name="java.library.path" value="E:\pleiades\java\6\bin;C:\Windows\Sun\Java\bin;C:\Windows\system32;C:\Windows;E:/pleiades/eclipse/jre/bin/client;E:/pleiades/eclipse/jre/bin;E:/pleiades/eclipse/jre/lib/i386;C:\Ruby193\bin;C:\ImageMagick-6.7.6-Q16;C:\oracle\product\10.2.0\client_1\bin;C:\Program Files\Common Files\Microsoft Shared\Windows Live;C:\Windows\system32;C:\Windows;C:\Windows\System32\Wbem;C:\Windows\System32\WindowsPowerShell\v1.0\;C:\Program Files\Intel\WiFi\bin\;C:\Program Files\Common Files\Intel\WirelessCommon\;C:\Program Files\ThinkPad\Bluetooth Software\;C:\Program Files\Broadcom\WHL\;C:\Program Files\Common Files\Lenovo;C:\Program Files\Windows Live\Shared;C:\SWTOOLS\ReadyApps;C:\Program Files\Intel\Services\IPT\;C:\Program Files\Symantec\VIP Access Client\;C:\TracLight\python;C:\TracLight\python\Scripts;C:\TracLight\CollabNetSVN;C:\TracLight\CollabNetSVN\httpd\bin;C:\TracLight\Graphviz\bin;C:\TracLight\maven\bin;C:\TracLight\bin;C:\Program Files\TortoiseSVN\bin;C:\Program Files\TortoiseGit\bin;C:\Ruby193\bin;C:\ImageMagick-6.7.6-Q16;C:\oracle\product\10.2.0\client_1\bin;C:\Program Files\Common Files\Microsoft Shared\Windows Live;C:\Windows\system32;C:\Windows;C:\Windows\System32\Wbem;C:\Windows\System32\WindowsPowerShell\v1.0\;C:\Program Files\Intel\WiFi\bin\;C:\Program Files\Common Files\Intel\WirelessCommon\;C:\Program Files\ThinkPad\Bluetooth Software\;C:\Program Files\Broadcom\WHL\;C:\Program Files\Common Files\Lenovo;C:\Program Files\Windows Live\Shared;C:\SWTOOLS\ReadyApps;C:\Program Files\Intel\Services\IPT\;C:\Program Files\Symantec\VIP Access Client\;C:\TracLight\python;C:\TracLight\python\Scripts;C:\TracLight\CollabNetSVN;C:\TracLight\CollabNetSVN\httpd\bin;C:\TracLight\Graphviz\bin;C:\TracLight\maven\bin;C:\TracLight\bin;C:\Program Files\TortoiseSVN\bin;C:\Program Files\TortoiseGit\bin;E:\dev\tools\apache\apache-maven-3.0.3\bin;E:\dev\tools\java\jdk1.6.0_32\bin;C:\msysgit\msysgit\bin;E:\dev\tools\springsource\spring-roo-1.2.1.RELEASE\bin;E:\amazon\RDSCli-1.8.002\bin;E:\amazon\ec2-api-tools-1.5.5.0\bin;C:\Program Files\MySQL\MySQL Server 5.1\bin;C:\Program Files\Git\bin;E:\pleiades\eclipse;;." />
    <property name="env.NUMBER_OF_PROCESSORS" value="4" />
    <property name="java.vendor.url" value="http://java.sun.com/" />
    <property name="env.USERDNSDOMAIN" value="AD.OGIS-RI.CO.JP" />
    <property name="java.vm.vendor" value="Sun Microsystems Inc." />
    <property name="java.runtime.name" value="Java(TM) SE Runtime Environment" />
    <property name="java.class.path" value="E:\dev\git\junit_tutorial\build\classes;E:\dev\git\junit_tutorial\junit-4.10.jar;E:\dev\git\junit_tutorial\cucumber-core-1.0.8.jar;E:\dev\git\junit_tutorial\cucumber-html-0.2.1.jar;E:\dev\git\junit_tutorial\cucumber-java-1.0.8.jar;E:\dev\git\junit_tutorial\cucumber-junit-1.0.8.jar;E:\dev\git\junit_tutorial\gherkin-2.10.0.jar;E:\pleiades\eclipse\plugins\org.apache.ant_1.8.2.v20120109-1030\lib\ant-launcher.jar;E:\pleiades\eclipse\plugins\org.apache.ant_1.8.2.v20120109-1030\lib\ant.jar;E:\pleiades\eclipse\plugins\org.apache.ant_1.8.2.v20120109-1030\lib\ant-junit.jar;E:\pleiades\eclipse\plugins\org.apache.ant_1.8.2.v20120109-1030\lib\ant-junit4.jar" />
    <property name="ant.version" value="Apache Ant(TM) version 1.8.2 compiled on December 20 2010" />
    <property name="sun.java.command" value="org.apache.tools.ant.taskdefs.optional.junit.JUnitTestRunner junit.tutorial.CalculatorParameterizedTest filtertrace=true haltOnError=false haltOnFailure=false formatter=org.apache.tools.ant.taskdefs.optional.junit.OutErrSummaryJUnitResultFormatter showoutput=false outputtoformatters=true logfailedtests=true logtestlistenerevents=false formatter=org.apache.tools.ant.taskdefs.optional.junit.XMLJUnitResultFormatter,E:\dev\git\junit_tutorial\junit\TEST-junit.tutorial.CalculatorParameterizedTest.xml crashfile=E:\dev\git\junit_tutorial\junitvmwatcher8145981567111992013.properties propsfile=E:\dev\git\junit_tutorial\junit4724623945387784397.properties" />
    <property name="env.READYAPPS" value="C:\SWTOOLS\ReadyApps" />
    <property name="env.TRACPATH" value="C:\TracLight\python;C:\TracLight\python\Scripts;C:\TracLight\CollabNetSVN;C:\TracLight\CollabNetSVN\httpd\bin;C:\TracLight\Graphviz\bin;C:\TracLight\maven\bin;C:\TracLight\bin" />
    <property name="java.vm.specification.name" value="Java Virtual Machine Specification" />
    <property name="env.LOGONSERVER" value="\\SPX-B9-DC13" />
    <property name="env.windir" value="C:\Windows" />
    <property name="java.vm.specification.version" value="1.0" />
    <property name="env.PROCESSOR_ARCHITECTURE" value="x86" />
    <property name="sun.os.patch.level" value="Service Pack 1" />
    <property name="sun.cpu.endian" value="little" />
    <property name="debuglevel" value="source,lines,vars" />
    <property name="env.ROO_HOME" value="E:\dev\tools\springsource\spring-roo-1.2.1.RELEASE" />
    <property name="env.ProgramFiles" value="C:\Program Files" />
    <property name="env.ANT_HOME" value="E:\pleiades\eclipse\plugins\org.apache.ant_1.8.2.v20120109-1030" />
    <property name="eclipse.pdebuild.home" value="/E:/pleiades/eclipse/plugins/org.eclipse.pde.build_3.7.0.v20111116-2009/./" />
    <property name="env.PROCESSOR_REVISION" value="2a07" />
    <property name="java.io.tmpdir" value="C:\Users\P1268606\AppData\Local\Temp\" />
    <property name="java.vendor.url.bug" value="http://java.sun.com/cgi-bin/bugreport.cgi" />
    <property name="env.SystemRoot" value="C:\Windows" />
    <property name="java.awt.graphicsenv" value="sun.awt.Win32GraphicsEnvironment" />
    <property name="os.arch" value="x86" />
    <property name="env.hudson.util.ProcessTreeKiller.disable" value="true" />
    <property name="java.ext.dirs" value="E:\pleiades\java\6\lib\ext;C:\Windows\Sun\Java\lib\ext" />
    <property name="user.dir" value="E:\dev\git\junit_tutorial" />
    <property name="env.MAVEN_HOME" value="C:\TracLight\maven" />
    <property name="env.LOCALAPPDATA" value="C:\Users\P1268606\AppData\Local" />
    <property name="line.separator" value="&#xd;&#xa;" />
    <property name="java.vm.name" value="Java HotSpot(TM) Client VM" />
    <property name="env.PATHEXT" value=".COM;.EXE;.BAT;.CMD;.VBS;.VBE;.JS;.JSE;.WSF;.WSH;.MSC;.RB;.RBW" />
    <property name="env.Path" value="E:/pleiades/eclipse/jre/bin/client;E:/pleiades/eclipse/jre/bin;E:/pleiades/eclipse/jre/lib/i386;C:\Ruby193\bin;C:\ImageMagick-6.7.6-Q16;C:\oracle\product\10.2.0\client_1\bin;C:\Program Files\Common Files\Microsoft Shared\Windows Live;C:\Windows\system32;C:\Windows;C:\Windows\System32\Wbem;C:\Windows\System32\WindowsPowerShell\v1.0\;C:\Program Files\Intel\WiFi\bin\;C:\Program Files\Common Files\Intel\WirelessCommon\;C:\Program Files\ThinkPad\Bluetooth Software\;C:\Program Files\Broadcom\WHL\;C:\Program Files\Common Files\Lenovo;C:\Program Files\Windows Live\Shared;C:\SWTOOLS\ReadyApps;C:\Program Files\Intel\Services\IPT\;C:\Program Files\Symantec\VIP Access Client\;C:\TracLight\python;C:\TracLight\python\Scripts;C:\TracLight\CollabNetSVN;C:\TracLight\CollabNetSVN\httpd\bin;C:\TracLight\Graphviz\bin;C:\TracLight\maven\bin;C:\TracLight\bin;C:\Program Files\TortoiseSVN\bin;C:\Program Files\TortoiseGit\bin;C:\Ruby193\bin;C:\ImageMagick-6.7.6-Q16;C:\oracle\product\10.2.0\client_1\bin;C:\Program Files\Common Files\Microsoft Shared\Windows Live;C:\Windows\system32;C:\Windows;C:\Windows\System32\Wbem;C:\Windows\System32\WindowsPowerShell\v1.0\;C:\Program Files\Intel\WiFi\bin\;C:\Program Files\Common Files\Intel\WirelessCommon\;C:\Program Files\ThinkPad\Bluetooth Software\;C:\Program Files\Broadcom\WHL\;C:\Program Files\Common Files\Lenovo;C:\Program Files\Windows Live\Shared;C:\SWTOOLS\ReadyApps;C:\Program Files\Intel\Services\IPT\;C:\Program Files\Symantec\VIP Access Client\;C:\TracLight\python;C:\TracLight\python\Scripts;C:\TracLight\CollabNetSVN;C:\TracLight\CollabNetSVN\httpd\bin;C:\TracLight\Graphviz\bin;C:\TracLight\maven\bin;C:\TracLight\bin;C:\Program Files\TortoiseSVN\bin;C:\Program Files\TortoiseGit\bin;E:\dev\tools\apache\apache-maven-3.0.3\bin;E:\dev\tools\java\jdk1.6.0_32\bin;C:\msysgit\msysgit\bin;E:\dev\tools\springsource\spring-roo-1.2.1.RELEASE\bin;E:\amazon\RDSCli-1.8.002\bin;E:\amazon\ec2-api-tools-1.5.5.0\bin;C:\Program Files\MySQL\MySQL Server 5.1\bin;C:\Program Files\Git\bin;E:\pleiades\eclipse;" />
    <property name="basedir" value="E:\dev\git\junit_tutorial" />
    <property name="ant.java.version" value="1.6" />
    <property name="ant.core.lib" value="E:\pleiades\eclipse\plugins\org.apache.ant_1.8.2.v20120109-1030\lib\ant.jar" />
    <property name="env.USERNAME" value="P1268606" />
    <property name="env.AWS_CREDENTIAL_FILE" value="E:\amazon\RDSCli-1.8.002\cred.txt" />
    <property name="source" value="1.6" />
    <property name="env.SystemDrive" value="C:" />
    <property name="file.encoding" value="MS932" />
    <property name="env.COMMPath" value="C:\Program Files\Lenovo\Communications Utility" />
    <property name="env.USERDOMAIN" value="OGIS-RI" />
    <property name="java.specification.version" value="1.6" />
    <property name="ant.project.invoked-targets" value="CalculatorParameterizedTest" />
    <property name="env.PROCESSOR_LEVEL" value="6" />
  </properties>
  <testcase classname="junit.tutorial.CalculatorParameterizedTest$乗算メソッドのパラメータ化テスト" name="multiplyで乗算結果が取得できること" time="0.041" />
  <testcase classname="junit.tutorial.CalculatorParameterizedTest$乗算メソッドのパラメータ化テスト" name="multiplyで3と4の乗算結果が取得できること" time="0.0020" />
  <testcase classname="junit.tutorial.CalculatorParameterizedTest$乗算メソッドのパラメータ化テスト" name="multiplyで5と7の乗算結果が取得できること" time="0.0090" />
  <testcase classname="junit.tutorial.CalculatorParameterizedTest$除算メソッドのパラメータ化テスト" name="divideで除算結果が取得できること" time="0.024" />
  <testcase classname="junit.tutorial.CalculatorParameterizedTest$除算メソッドのパラメータ化テスト" name="divideの第２引数に0を指定した場合にはIllegalArgumentExceptionを送出する" time="0.011" />
  <system-out><![CDATA[3 * 4 = 12
5 * 7 = 35
]]></system-out>
  <system-err><![CDATA[]]></system-err>
</testsuite>
